<?xml version="1.0" encoding="UTF-8"?>
<!-- Generated by org.testng.reporters.JUnitReportReporter -->
<testsuite skipped="0" hostname="ABIRAMI" name="dd_core.Test" tests="54" failures="0" timestamp="10 Nov 2017 06:22:18 GMT" time="0.083" errors="0">
  <testcase name="login" time="0.008" classname="dd_core.Test"/>
  <testcase name="reeferstatus" time="0.001" classname="dd_core.Test"/>
  <testcase name="reefermultitemp" time="0.004" classname="dd_core.Test"/>
  <testcase name="reefermaintenance" time="0.002" classname="dd_core.Test"/>
  <testcase name="reeferpretrip" time="0.001" classname="dd_core.Test"/>
  <testcase name="reeferalarm" time="0.003" classname="dd_core.Test"/>
  <testcase name="reefertempprofile" time="0.001" classname="dd_core.Test"/>
  <testcase name="reeferimpact" time="0.002" classname="dd_core.Test"/>
  <testcase name="reeferITA" time="0.002" classname="dd_core.Test"/>
  <testcase name="reeferSM" time="0.002" classname="dd_core.Test"/>
  <testcase name="reeferfuelflows" time="0.001" classname="dd_core.Test"/>
  <testcase name="reeferdooralarms" time="0.001" classname="dd_core.Test"/>
  <testcase name="logisticCLM" time="0.000" classname="dd_core.Test"/>
  <testcase name="logistic" time="0.002" classname="dd_core.Test"/>
  <testcase name="logisticWayBill" time="0.001" classname="dd_core.Test"/>
  <testcase name="orderstatus" time="0.002" classname="dd_core.Test"/>
  <testcase name="ordermanifest" time="0.003" classname="dd_core.Test"/>
  <testcase name="disparitystatus" time="0.001" classname="dd_core.Test"/>
  <testcase name="fuelrefuel" time="0.000" classname="dd_core.Test"/>
  <testcase name="fuelrefuellocation" time="0.001" classname="dd_core.Test"/>
  <testcase name="refuelsummaryhistory" time="0.001" classname="dd_core.Test"/>
  <testcase name="fuelusagesummary" time="0.002" classname="dd_core.Test"/>
  <testcase name="Inventorysummary" time="0.001" classname="dd_core.Test"/>
  <testcase name="reeferInventory" time="0.001" classname="dd_core.Test"/>
  <testcase name="yardInventory" time="0.006" classname="dd_core.Test"/>
  <testcase name="regionInventory" time="0.001" classname="dd_core.Test"/>
  <testcase name="cstatus" time="0.001" classname="dd_core.Test"/>
  <testcase name="chistory" time="0.001" classname="dd_core.Test"/>
  <testcase name="scheduledcommands" time="0.000" classname="dd_core.Test"/>
  <testcase name="pollcommands" time="0.001" classname="dd_core.Test"/>
  <testcase name="controlcommands" time="0.001" classname="dd_core.Test"/>
  <testcase name="orderdisparity" time="0.001" classname="dd_core.Test"/>
  <testcase name="reeferstatushistory" time="0.000" classname="dd_core.Test"/>
  <testcase name="reefermultitemphistory" time="0.001" classname="dd_core.Test"/>
  <testcase name="ReeferMaintenanceHistory" time="0.002" classname="dd_core.Test"/>
  <testcase name="ReefersPretripHistory" time="0.000" classname="dd_core.Test"/>
  <testcase name="ReefersAlarmHistory" time="0.001" classname="dd_core.Test"/>
  <testcase name="ReefersTempProfileHistory" time="0.001" classname="dd_core.Test"/>
  <testcase name="reeferITAhistory" time="0.001" classname="dd_core.Test"/>
  <testcase name="ReefersSMHistory" time="0.002" classname="dd_core.Test"/>
  <testcase name="ReefersFuelflowHistory" time="0.000" classname="dd_core.Test"/>
  <testcase name="ReeferRouteHistory" time="0.002" classname="dd_core.Test"/>
  <testcase name="ReefersDoorAlarmHistory" time="0.008" classname="dd_core.Test"/>
  <testcase name="AssetCommandHistory" time="0.001" classname="dd_core.Test"/>
  <testcase name="OrderHistory" time="0.002" classname="dd_core.Test"/>
  <testcase name="ReefersImpactHistory" time="0.000" classname="dd_core.Test"/>
  <testcase name="LogisticUtilizationHistory" time="0.001" classname="dd_core.Test"/>
  <testcase name="LogisticCLMHistory" time="0.001" classname="dd_core.Test"/>
  <testcase name="LogisticWaybillHistory" time="0.001" classname="dd_core.Test"/>
  <testcase name="DisparityStautsHistory" time="0.002" classname="dd_core.Test"/>
  <testcase name="FSMADocs" time="0.000" classname="dd_core.Test"/>
  <testcase name="TKHMIDisplay" time="0.000" classname="dd_core.Test"/>
  <testcase name="FTA" time="0.001" classname="dd_core.Test"/>
  <testcase name="setting" time="0.001" classname="dd_core.Test"/>
</testsuite> <!-- dd_core.Test -->
